===== EVALUATING VAF =====

📊 VAF Classification Report

              precision    recall  f1-score   support

brain_glioma       0.79      0.79      0.79      5000
 brain_menin       0.76      0.65      0.70      5000
 brain_tumor       0.76      0.87      0.81      5000

    accuracy                           0.77     15000
   macro avg       0.77      0.77      0.77     15000
weighted avg       0.77      0.77      0.77     15000


===== EVALUATING UNET =====

📊 UNET Classification Report

              precision    recall  f1-score   support

brain_glioma       0.75      0.85      0.80      5000
 brain_menin       0.75      0.67      0.71      5000
 brain_tumor       0.81      0.80      0.81      5000

    accuracy                           0.77     15000
   macro avg       0.77      0.77      0.77     15000
weighted avg       0.77      0.77      0.77     15000


===== EVALUATING CustomCNN =====

📊 CustomCNN Classification Report

              precision    recall  f1-score   support

brain_glioma       0.95      0.91      0.93      5000
 brain_menin       0.79      0.89      0.84      5000
 brain_tumor       0.90      0.83      0.86      5000

    accuracy                           0.88     15000
   macro avg       0.88      0.88      0.88     15000
weighted avg       0.88      0.88      0.88     15000


===== EVALUATING ResNet50 =====

📊 ResNet50 Classification Report

              precision    recall  f1-score   support

brain_glioma       0.98      0.91      0.94      5000
 brain_menin       0.89      0.92      0.90      5000
 brain_tumor       0.93      0.96      0.95      5000

    accuracy                           0.93     15000
   macro avg       0.93      0.93      0.93     15000
weighted avg       0.93      0.93      0.93     15000


===== EVALUATING ResNet50_finetuned =====

📊 ResNet50_finetuned Classification Report

              precision    recall  f1-score   support

brain_glioma       0.98      0.90      0.94      5000
 brain_menin       0.88      0.92      0.90      5000
 brain_tumor       0.93      0.96      0.94      5000

    accuracy                           0.93     15000
   macro avg       0.93      0.93      0.93     15000
weighted avg       0.93      0.93      0.93     15000


✅ EVALUATION COMPLETE